app/build/intermediates/manifest_merge_blame_file/debug/processDebugMainManifest/manifest-merger-blame-debug-report.txt
1<?xml version="1.0" encoding="utf-8"?>
2<manifest xmlns:android="http://schemas.android.com/apk/res/android"
3    package="ke.payhero.autodial"
4    android:versionCode="1790259929"
5    android:versionName="1.1" >
6
7    <uses-sdk
8        android:minSdkVersion="23"
9        android:targetSdkVersion="35" />
10
11    <uses-permission android:name="android.permission.CALL_PHONE" />
11-->src/main/AndroidManifest.xml:4:5-69
11-->src/main/AndroidManifest.xml:4:22-66
12    <uses-permission android:name="android.permission.INTERNET" />
12-->src/main/AndroidManifest.xml:5:5-67
12-->src/main/AndroidManifest.xml:5:22-64
13    <uses-permission android:name="android.permission.ACCESS_NETWORK_STATE" />
13-->src/main/AndroidManifest.xml:6:5-79
13-->src/main/AndroidManifest.xml:6:22-76
14    <uses-permission android:name="android.permission.FOREGROUND_SERVICE" />
14-->src/main/AndroidManifest.xml:7:5-77
14-->src/main/AndroidManifest.xml:7:22-74
15    <uses-permission android:name="android.permission.FOREGROUND_SERVICE_SPECIAL_USE" />
15-->src/main/AndroidManifest.xml:8:5-89
15-->src/main/AndroidManifest.xml:8:22-86
16    <uses-permission android:name="android.permission.POST_NOTIFICATIONS" />
16-->src/main/AndroidManifest.xml:9:5-77
16-->src/main/AndroidManifest.xml:9:22-74
17    <uses-permission android:name="android.permission.RECEIVE_BOOT_COMPLETED" />
17-->src/main/AndroidManifest.xml:10:5-81
17-->src/main/AndroidManifest.xml:10:22-78
18    <uses-permission android:name="android.permission.REQUEST_IGNORE_BATTERY_OPTIMIZATIONS" />
18-->src/main/AndroidManifest.xml:11:5-95
18-->src/main/AndroidManifest.xml:11:22-92
19    <uses-permission android:name="android.permission.RECEIVE_SMS" />
19-->src/main/AndroidManifest.xml:12:5-70
19-->src/main/AndroidManifest.xml:12:22-67
20    <uses-permission android:name="android.permission.READ_SMS" />
20-->src/main/AndroidManifest.xml:13:5-67
20-->src/main/AndroidManifest.xml:13:22-64
21    <uses-permission android:name="android.permission.READ_PHONE_STATE" />
21-->src/main/AndroidManifest.xml:14:5-75
21-->src/main/AndroidManifest.xml:14:22-72
22
23    <permission
23-->[androidx.core:core:1.15.0] AndroidManifest.xml:22:5-24:47
24        android:name="ke.payhero.autodial.DYNAMIC_RECEIVER_NOT_EXPORTED_PERMISSION"
24-->[androidx.core:core:1.15.0] AndroidManifest.xml:23:9-81
25        android:protectionLevel="signature" />
25-->[androidx.core:core:1.15.0] AndroidManifest.xml:24:9-44
26
27    <uses-permission android:name="ke.payhero.autodial.DYNAMIC_RECEIVER_NOT_EXPORTED_PERMISSION" />
27-->[androidx.core:core:1.15.0] AndroidManifest.xml:26:5-97
27-->[androidx.core:core:1.15.0] AndroidManifest.xml:26:22-94
28
29    <application
29-->src/main/AndroidManifest.xml:16:5-100:19
30        android:name="ke.payhero.autodial.AutoDialApp"
30-->src/main/AndroidManifest.xml:17:9-36
31        android:allowBackup="false"
31-->src/main/AndroidManifest.xml:22:9-36
32        android:appComponentFactory="androidx.core.app.CoreComponentFactory"
32-->[androidx.core:core:1.15.0] AndroidManifest.xml:28:18-86
33        android:debuggable="true"
34        android:extractNativeLibs="false"
35        android:icon="@mipmap/ic_launcher"
35-->src/main/AndroidManifest.xml:20:9-43
36        android:label="AutoDial"
36-->src/main/AndroidManifest.xml:19:9-33
37        android:roundIcon="@mipmap/ic_launcher_round"
37-->src/main/AndroidManifest.xml:21:9-54
38        android:supportsRtl="true"
38-->src/main/AndroidManifest.xml:23:9-35
39        android:theme="@style/Theme.AutoDial"
39-->src/main/AndroidManifest.xml:18:9-46
40        android:usesCleartextTraffic="true" >
40-->src/main/AndroidManifest.xml:24:9-44
41        <activity
41-->src/main/AndroidManifest.xml:26:9-49:20
42            android:name="ke.payhero.autodial.MainActivity"
42-->src/main/AndroidManifest.xml:27:13-41
43            android:exported="true"
43-->src/main/AndroidManifest.xml:28:13-36
44            android:launchMode="singleTop" >
44-->src/main/AndroidManifest.xml:29:13-43
45            <intent-filter>
45-->src/main/AndroidManifest.xml:31:13-34:29
46                <action android:name="android.intent.action.MAIN" />
46-->src/main/AndroidManifest.xml:32:17-69
46-->src/main/AndroidManifest.xml:32:25-66
47
48                <category android:name="android.intent.category.LAUNCHER" />
48-->src/main/AndroidManifest.xml:33:17-77
48-->src/main/AndroidManifest.xml:33:27-74
49            </intent-filter>
50
51            <!-- Required to qualify as a default dialer and receive tel: links -->
52            <intent-filter>
52-->src/main/AndroidManifest.xml:37:13-41:29
53                <action android:name="android.intent.action.DIAL" />
53-->src/main/AndroidManifest.xml:38:17-69
53-->src/main/AndroidManifest.xml:38:25-66
54
55                <category android:name="android.intent.category.DEFAULT" />
55-->src/main/AndroidManifest.xml:39:17-76
55-->src/main/AndroidManifest.xml:39:27-73
56
57                <data android:scheme="tel" />
57-->src/main/AndroidManifest.xml:40:17-46
57-->src/main/AndroidManifest.xml:40:23-43
58            </intent-filter>
59            <intent-filter>
59-->src/main/AndroidManifest.xml:43:13-48:29
60                <action android:name="android.intent.action.VIEW" />
60-->src/main/AndroidManifest.xml:44:17-69
60-->src/main/AndroidManifest.xml:44:25-66
61
62                <category android:name="android.intent.category.DEFAULT" />
62-->src/main/AndroidManifest.xml:39:17-76
62-->src/main/AndroidManifest.xml:39:27-73
63                <category android:name="android.intent.category.BROWSABLE" />
63-->src/main/AndroidManifest.xml:46:17-78
63-->src/main/AndroidManifest.xml:46:27-75
64
65                <data android:scheme="tel" />
65-->src/main/AndroidManifest.xml:40:17-46
65-->src/main/AndroidManifest.xml:40:23-43
66            </intent-filter>
67        </activity>
68
69        <receiver
69-->src/main/AndroidManifest.xml:51:9-58:20
70            android:name="ke.payhero.autodial.SmsReceiver"
70-->src/main/AndroidManifest.xml:52:13-40
71            android:exported="true"
71-->src/main/AndroidManifest.xml:53:13-36
72            android:permission="android.permission.BROADCAST_SMS" >
72-->src/main/AndroidManifest.xml:54:13-66
73            <intent-filter android:priority="999" >
73-->src/main/AndroidManifest.xml:55:13-57:29
73-->src/main/AndroidManifest.xml:55:28-50
74                <action android:name="android.provider.Telephony.SMS_RECEIVED" />
74-->src/main/AndroidManifest.xml:56:17-82
74-->src/main/AndroidManifest.xml:56:25-79
75            </intent-filter>
76        </receiver>
77        <receiver
77-->src/main/AndroidManifest.xml:60:9-74:20
78            android:name="ke.payhero.autodial.BootReceiver"
78-->src/main/AndroidManifest.xml:61:13-41
79            android:directBootAware="true"
79-->src/main/AndroidManifest.xml:62:13-43
80            android:enabled="true"
80-->src/main/AndroidManifest.xml:63:13-35
81            android:exported="true" >
81-->src/main/AndroidManifest.xml:64:13-36
82            <intent-filter>
82-->src/main/AndroidManifest.xml:65:13-70:29
83                <action android:name="android.intent.action.BOOT_COMPLETED" />
83-->src/main/AndroidManifest.xml:66:17-79
83-->src/main/AndroidManifest.xml:66:25-76
84                <action android:name="android.intent.action.LOCKED_BOOT_COMPLETED" />
84-->src/main/AndroidManifest.xml:67:17-86
84-->src/main/AndroidManifest.xml:67:25-83
85                <action android:name="android.intent.action.QUICKBOOT_POWERON" />
85-->src/main/AndroidManifest.xml:68:17-82
85-->src/main/AndroidManifest.xml:68:25-79
86                <action android:name="com.htc.intent.action.QUICKBOOT_POWERON" />
86-->src/main/AndroidManifest.xml:69:17-82
86-->src/main/AndroidManifest.xml:69:25-79
87            </intent-filter>
88            <intent-filter>
88-->src/main/AndroidManifest.xml:71:13-73:29
89                <action android:name="android.intent.action.MY_PACKAGE_REPLACED" />
89-->src/main/AndroidManifest.xml:72:17-84
89-->src/main/AndroidManifest.xml:72:25-81
90            </intent-filter>
91        </receiver>
92
93        <service
93-->src/main/AndroidManifest.xml:76:9-85:19
94            android:name="ke.payhero.autodial.DialServerService"
94-->src/main/AndroidManifest.xml:77:13-46
95            android:directBootAware="true"
95-->src/main/AndroidManifest.xml:78:13-43
96            android:exported="false"
96-->src/main/AndroidManifest.xml:79:13-37
97            android:foregroundServiceType="specialUse"
97-->src/main/AndroidManifest.xml:80:13-55
98            android:stopWithTask="false" >
98-->src/main/AndroidManifest.xml:81:13-41
99            <property
99-->src/main/AndroidManifest.xml:82:13-84:124
100                android:name="android.app.PROPERTY_SPECIAL_USE_FGS_SUBTYPE"
100-->src/main/AndroidManifest.xml:83:17-76
101                android:value="Local HTTP API that receives dial requests from companion apps on this device or network" />
101-->src/main/AndroidManifest.xml:84:17-121
102        </service>
103
104        <!-- Minimal InCallService required for ROLE_DIALER on modern Android. -->
105        <service
105-->src/main/AndroidManifest.xml:88:9-98:19
106            android:name="ke.payhero.autodial.AutoDialInCallService"
106-->src/main/AndroidManifest.xml:89:13-50
107            android:exported="true"
107-->src/main/AndroidManifest.xml:91:13-36
108            android:permission="android.permission.BIND_INCALL_SERVICE" >
108-->src/main/AndroidManifest.xml:90:13-72
109            <meta-data
109-->src/main/AndroidManifest.xml:92:13-94:40
110                android:name="android.telecom.IN_CALL_SERVICE_UI"
110-->src/main/AndroidManifest.xml:93:17-66
111                android:value="true" />
111-->src/main/AndroidManifest.xml:94:17-37
112
113            <intent-filter>
113-->src/main/AndroidManifest.xml:95:13-97:29
114                <action android:name="android.telecom.InCallService" />
114-->src/main/AndroidManifest.xml:96:17-72
114-->src/main/AndroidManifest.xml:96:25-69
115            </intent-filter>
116        </service>
117
118        <provider
118-->[androidx.emoji2:emoji2:1.3.0] AndroidManifest.xml:24:9-32:20
119            android:name="androidx.startup.InitializationProvider"
119-->[androidx.emoji2:emoji2:1.3.0] AndroidManifest.xml:25:13-67
120            android:authorities="ke.payhero.autodial.androidx-startup"
120-->[androidx.emoji2:emoji2:1.3.0] AndroidManifest.xml:26:13-68
121            android:exported="false" >
121-->[androidx.emoji2:emoji2:1.3.0] AndroidManifest.xml:27:13-37
122            <meta-data
122-->[androidx.emoji2:emoji2:1.3.0] AndroidManifest.xml:29:13-31:52
123                android:name="androidx.emoji2.text.EmojiCompatInitializer"
123-->[androidx.emoji2:emoji2:1.3.0] AndroidManifest.xml:30:17-75
124                android:value="androidx.startup" />
124-->[androidx.emoji2:emoji2:1.3.0] AndroidManifest.xml:31:17-49
125            <meta-data
125-->[androidx.lifecycle:lifecycle-process:2.6.2] AndroidManifest.xml:29:13-31:52
126                android:name="androidx.lifecycle.ProcessLifecycleInitializer"
126-->[androidx.lifecycle:lifecycle-process:2.6.2] AndroidManifest.xml:30:17-78
127                android:value="androidx.startup" />
127-->[androidx.lifecycle:lifecycle-process:2.6.2] AndroidManifest.xml:31:17-49
128            <meta-data
128-->[androidx.profileinstaller:profileinstaller:1.3.1] AndroidManifest.xml:29:13-31:52
129                android:name="androidx.profileinstaller.ProfileInstallerInitializer"
129-->[androidx.profileinstaller:profileinstaller:1.3.1] AndroidManifest.xml:30:17-85
130                android:value="androidx.startup" />
130-->[androidx.profileinstaller:profileinstaller:1.3.1] AndroidManifest.xml:31:17-49
131        </provider>
132
133        <receiver
133-->[androidx.profileinstaller:profileinstaller:1.3.1] AndroidManifest.xml:34:9-52:20
134            android:name="androidx.profileinstaller.ProfileInstallReceiver"
134-->[androidx.profileinstaller:profileinstaller:1.3.1] AndroidManifest.xml:35:13-76
135            android:directBootAware="false"
135-->[androidx.profileinstaller:profileinstaller:1.3.1] AndroidManifest.xml:36:13-44
136            android:enabled="true"
136-->[androidx.profileinstaller:profileinstaller:1.3.1] AndroidManifest.xml:37:13-35
137            android:exported="true"
137-->[androidx.profileinstaller:profileinstaller:1.3.1] AndroidManifest.xml:38:13-36
138            android:permission="android.permission.DUMP" >
138-->[androidx.profileinstaller:profileinstaller:1.3.1] AndroidManifest.xml:39:13-57
139            <intent-filter>
139-->[androidx.profileinstaller:profileinstaller:1.3.1] AndroidManifest.xml:40:13-42:29
140                <action android:name="androidx.profileinstaller.action.INSTALL_PROFILE" />
140-->[androidx.profileinstaller:profileinstaller:1.3.1] AndroidManifest.xml:41:17-91
140-->[androidx.profileinstaller:profileinstaller:1.3.1] AndroidManifest.xml:41:25-88
141            </intent-filter>
142            <intent-filter>
142-->[androidx.profileinstaller:profileinstaller:1.3.1] AndroidManifest.xml:43:13-45:29
143                <action android:name="androidx.profileinstaller.action.SKIP_FILE" />
143-->[androidx.profileinstaller:profileinstaller:1.3.1] AndroidManifest.xml:44:17-85
143-->[androidx.profileinstaller:profileinstaller:1.3.1] AndroidManifest.xml:44:25-82
144            </intent-filter>
145            <intent-filter>
145-->[androidx.profileinstaller:profileinstaller:1.3.1] AndroidManifest.xml:46:13-48:29
146                <action android:name="androidx.profileinstaller.action.SAVE_PROFILE" />
146-->[androidx.profileinstaller:profileinstaller:1.3.1] AndroidManifest.xml:47:17-88
146-->[androidx.profileinstaller:profileinstaller:1.3.1] AndroidManifest.xml:47:25-85
147            </intent-filter>
148            <intent-filter>
148-->[androidx.profileinstaller:profileinstaller:1.3.1] AndroidManifest.xml:49:13-51:29
149                <action android:name="androidx.profileinstaller.action.BENCHMARK_OPERATION" />
149-->[androidx.profileinstaller:profileinstaller:1.3.1] AndroidManifest.xml:50:17-95
149-->[androidx.profileinstaller:profileinstaller:1.3.1] AndroidManifest.xml:50:25-92
150            </intent-filter>
151        </receiver>
152    </application>
153
154</manifest>